<?xml version="1.0" encoding="UTF-8"?>
<!-- Generated by org.testng.reporters.JUnitReportReporter -->
<testsuite hostname="RAFIF-PC" failures="0" tests="1" name="runners.TestNGRunner" time="0.022" errors="0" timestamp="2022-12-18T20:06:05 ICT" skipped="0">
  <testcase classname="runners.TestNGRunner" name="feature" time="0.022"/>
</testsuite> <!-- runners.TestNGRunner -->
